<?xml version="1.0" encoding="UTF-8"?>
<testsuite name="test_register_order_tests.MyTestCase-20230316180101" tests="39" file="test_register_order_tests.py" time="0.110" timestamp="2023-03-16T18:01:02" failures="1" errors="0" skipped="0">
	<testcase classname="test_register_order_tests.MyTestCase" name="test_BV_NV_13" time="0.021" timestamp="2023-03-16T18:01:01"/>
	<testcase classname="test_register_order_tests.MyTestCase" name="test_BV_NV_15" time="0.003" timestamp="2023-03-16T18:01:01"/>
	<testcase classname="test_register_order_tests.MyTestCase" name="test_BV_NV_16" time="0.002" timestamp="2023-03-16T18:01:01"/>
	<testcase classname="test_register_order_tests.MyTestCase" name="test_BV_NV_20" time="0.002" timestamp="2023-03-16T18:01:01"/>
	<testcase classname="test_register_order_tests.MyTestCase" name="test_BV_NV_21" time="0.002" timestamp="2023-03-16T18:01:01"/>
	<testcase classname="test_register_order_tests.MyTestCase" name="test_BV_NV_24" time="0.002" timestamp="2023-03-16T18:01:01"/>
	<testcase classname="test_register_order_tests.MyTestCase" name="test_BV_NV_25" time="0.002" timestamp="2023-03-16T18:01:01"/>
	<testcase classname="test_register_order_tests.MyTestCase" name="test_BV_NV_26" time="0.002" timestamp="2023-03-16T18:01:01"/>
	<testcase classname="test_register_order_tests.MyTestCase" name="test_BV_NV_27" time="0.002" timestamp="2023-03-16T18:01:01"/>
	<testcase classname="test_register_order_tests.MyTestCase" name="test_BV_NV_4" time="0.002" timestamp="2023-03-16T18:01:01"/>
	<testcase classname="test_register_order_tests.MyTestCase" name="test_BV_NV_5" time="0.002" timestamp="2023-03-16T18:01:01"/>
	<testcase classname="test_register_order_tests.MyTestCase" name="test_BV_V_11" time="0.003" timestamp="2023-03-16T18:01:01"/>
	<testcase classname="test_register_order_tests.MyTestCase" name="test_BV_V_22" time="0.002" timestamp="2023-03-16T18:01:01"/>
	<testcase classname="test_register_order_tests.MyTestCase" name="test_BV_V_29" time="0.002" timestamp="2023-03-16T18:01:01"/>
	<testcase classname="test_register_order_tests.MyTestCase" name="test_BV_V_30" time="0.002" timestamp="2023-03-16T18:01:01"/>
	<testcase classname="test_register_order_tests.MyTestCase" name="test_BV_V_31" time="0.002" timestamp="2023-03-16T18:01:01"/>
	<testcase classname="test_register_order_tests.MyTestCase" name="test_BV_V_33" time="0.002" timestamp="2023-03-16T18:01:01"/>
	<testcase classname="test_register_order_tests.MyTestCase" name="test_BV_V_34" time="0.002" timestamp="2023-03-16T18:01:01"/>
	<testcase classname="test_register_order_tests.MyTestCase" name="test_BV_V_35" time="0.002" timestamp="2023-03-16T18:01:01"/>
	<testcase classname="test_register_order_tests.MyTestCase" name="test_BV_V_42" time="0.002" timestamp="2023-03-16T18:01:01"/>
	<testcase classname="test_register_order_tests.MyTestCase" name="test_EC_NV_14" time="0.002" timestamp="2023-03-16T18:01:01"/>
	<testcase classname="test_register_order_tests.MyTestCase" name="test_EC_NV_18" time="0.002" timestamp="2023-03-16T18:01:01"/>
	<testcase classname="test_register_order_tests.MyTestCase" name="test_EC_NV_2" time="0.002" timestamp="2023-03-16T18:01:01"/>
	<testcase classname="test_register_order_tests.MyTestCase" name="test_EC_NV_28" time="0.002" timestamp="2023-03-16T18:01:01"/>
	<testcase classname="test_register_order_tests.MyTestCase" name="test_EC_NV_3" time="0.000" timestamp="2023-03-16T18:01:01"/>
	<testcase classname="test_register_order_tests.MyTestCase" name="test_EC_NV_37" time="0.003" timestamp="2023-03-16T18:01:01"/>
	<testcase classname="test_register_order_tests.MyTestCase" name="test_EC_NV_42" time="0.002" timestamp="2023-03-16T18:01:01"/>
	<testcase classname="test_register_order_tests.MyTestCase" name="test_EC_NV_8" time="0.002" timestamp="2023-03-16T18:01:01"/>
	<testcase classname="test_register_order_tests.MyTestCase" name="test_EC_NV_9" time="0.002" timestamp="2023-03-16T18:01:01"/>
	<testcase classname="test_register_order_tests.MyTestCase" name="test_EC_V_10" time="0.003" timestamp="2023-03-16T18:01:01"/>
	<testcase classname="test_register_order_tests.MyTestCase" name="test_EC_V_12" time="0.002" timestamp="2023-03-16T18:01:01"/>
	<testcase classname="test_register_order_tests.MyTestCase" name="test_EC_V_17" time="0.002" timestamp="2023-03-16T18:01:01"/>
	<testcase classname="test_register_order_tests.MyTestCase" name="test_EC_V_19" time="0.002" timestamp="2023-03-16T18:01:01"/>
	<testcase classname="test_register_order_tests.MyTestCase" name="test_EC_V_23" time="0.002" timestamp="2023-03-16T18:01:01"/>
	<testcase classname="test_register_order_tests.MyTestCase" name="test_EC_V_32" time="0.002" timestamp="2023-03-16T18:01:01"/>
	<testcase classname="test_register_order_tests.MyTestCase" name="test_EC_V_6" time="0.002" timestamp="2023-03-16T18:01:02"/>
	<testcase classname="test_register_order_tests.MyTestCase" name="test_EC_V_7" time="0.003" timestamp="2023-03-16T18:01:02"/>
	<testcase classname="test_register_order_tests.MyTestCase" name="test_VE_V_36" time="0.002" timestamp="2023-03-16T18:01:02"/>
	<testcase classname="test_register_order_tests.MyTestCase" name="test_EC_V_1" time="0.005" timestamp="2023-03-16T18:01:01">
		<failure type="AssertionError" message="{'ord[163 chars]: '654314159', 'zip_code': '28005', 'time_stamp': 1678233600.0} != {'ord[163 chars]: '654314159', 'zipcode': '28005', 'time_stamp': 1678233600.0}
  {'delivery_address': 'C/LISBOA,4, MADRID, SPAIN',
   'order_id': 'e01521684a7f9535e9fa098a2b86565f',
   'order_type': 'REGULAR',
   'phone_number': '654314159',
   'product_id': '8421691423220',
   'time_stamp': 1678233600.0,
-  'zip_code': '28005'}
?      -

+  'zipcode': '28005'}"><![CDATA[Traceback (most recent call last):
  File "/Library/Frameworks/Python.framework/Versions/3.11/lib/python3.11/unittest/case.py", line 57, in testPartExecutor
    yield
  File "/Library/Frameworks/Python.framework/Versions/3.11/lib/python3.11/unittest/case.py", line 623, in run
    self._callTestMethod(testMethod)
    ^^^^^^^^^^^^^^^^^
  File "/Library/Frameworks/Python.framework/Versions/3.11/lib/python3.11/unittest/case.py", line 579, in _callTestMethod
    if method() is not None:
    ^^^^^^^^^^^^^^^^^
  File "/Users/edu/PycharmProjects/G89.2023.T20.EG3/lib/python3.11/site-packages/freezegun/api.py", line 809, in wrapper
    result = func(*args, **kwargs)
    ^^^^^^^^^^^^^^^^^
  File "/Users/edu/PycharmProjects/G89.2023.T20.EG3/src/unittest/python/test_register_order_tests.py", line 55, in test_EC_V_1
    self.assertDictEqual(order_requests, {
    ^^^^^^^^^^^^^^^^^
  File "/Library/Frameworks/Python.framework/Versions/3.11/lib/python3.11/unittest/case.py", line 1172, in assertDictEqual
    self.fail(self._formatMessage(msg, standardMsg))
    ^^^^^^^^^^^^^^^^^
  File "/Library/Frameworks/Python.framework/Versions/3.11/lib/python3.11/unittest/case.py", line 703, in fail
    raise self.failureException(msg)
    ^^^^^^^^^^^^^^^^^
AssertionError: {'ord[163 chars]: '654314159', 'zip_code': '28005', 'time_stamp': 1678233600.0} != {'ord[163 chars]: '654314159', 'zipcode': '28005', 'time_stamp': 1678233600.0}
  {'delivery_address': 'C/LISBOA,4, MADRID, SPAIN',
   'order_id': 'e01521684a7f9535e9fa098a2b86565f',
   'order_type': 'REGULAR',
   'phone_number': '654314159',
   'product_id': '8421691423220',
   'time_stamp': 1678233600.0,
-  'zip_code': '28005'}
?      -

+  'zipcode': '28005'}
]]></failure>
	</testcase>
</testsuite>
