<?xml version="1.0" encoding="UTF-8"?>
<testsuite name="test_register_order_tests.MyTestCase-20230315180512" tests="37" file="test_register_order_tests.py" time="0.097" timestamp="2023-03-15T18:05:13" failures="0" errors="1" skipped="0">
	<testcase classname="test_register_order_tests.MyTestCase" name="test_CE_NV_12" time="0.017" timestamp="2023-03-15T18:05:12"/>
	<testcase classname="test_register_order_tests.MyTestCase" name="test_CE_NV_13" time="0.003" timestamp="2023-03-15T18:05:12"/>
	<testcase classname="test_register_order_tests.MyTestCase" name="test_CE_NV_14" time="0.002" timestamp="2023-03-15T18:05:12"/>
	<testcase classname="test_register_order_tests.MyTestCase" name="test_CE_NV_15" time="0.002" timestamp="2023-03-15T18:05:12"/>
	<testcase classname="test_register_order_tests.MyTestCase" name="test_CE_NV_18" time="0.002" timestamp="2023-03-15T18:05:12"/>
	<testcase classname="test_register_order_tests.MyTestCase" name="test_CE_NV_2" time="0.002" timestamp="2023-03-15T18:05:12"/>
	<testcase classname="test_register_order_tests.MyTestCase" name="test_CE_NV_20" time="0.002" timestamp="2023-03-15T18:05:12"/>
	<testcase classname="test_register_order_tests.MyTestCase" name="test_CE_NV_21" time="0.002" timestamp="2023-03-15T18:05:12"/>
	<testcase classname="test_register_order_tests.MyTestCase" name="test_CE_NV_24" time="0.002" timestamp="2023-03-15T18:05:12"/>
	<testcase classname="test_register_order_tests.MyTestCase" name="test_CE_NV_25" time="0.002" timestamp="2023-03-15T18:05:12"/>
	<testcase classname="test_register_order_tests.MyTestCase" name="test_CE_NV_3" time="0.000" timestamp="2023-03-15T18:05:12"/>
	<testcase classname="test_register_order_tests.MyTestCase" name="test_CE_NV_4" time="0.002" timestamp="2023-03-15T18:05:12"/>
	<testcase classname="test_register_order_tests.MyTestCase" name="test_CE_NV_5" time="0.002" timestamp="2023-03-15T18:05:12"/>
	<testcase classname="test_register_order_tests.MyTestCase" name="test_CE_NV_8" time="0.002" timestamp="2023-03-15T18:05:12"/>
	<testcase classname="test_register_order_tests.MyTestCase" name="test_CE_NV_9" time="0.002" timestamp="2023-03-15T18:05:12"/>
	<testcase classname="test_register_order_tests.MyTestCase" name="test_CE_V_1" time="0.002" timestamp="2023-03-15T18:05:12"/>
	<testcase classname="test_register_order_tests.MyTestCase" name="test_CE_V_10" time="0.002" timestamp="2023-03-15T18:05:12"/>
	<testcase classname="test_register_order_tests.MyTestCase" name="test_CE_V_11" time="0.002" timestamp="2023-03-15T18:05:12"/>
	<testcase classname="test_register_order_tests.MyTestCase" name="test_CE_V_17" time="0.002" timestamp="2023-03-15T18:05:12"/>
	<testcase classname="test_register_order_tests.MyTestCase" name="test_CE_V_19" time="0.002" timestamp="2023-03-15T18:05:12"/>
	<testcase classname="test_register_order_tests.MyTestCase" name="test_CE_V_23" time="0.002" timestamp="2023-03-15T18:05:12"/>
	<testcase classname="test_register_order_tests.MyTestCase" name="test_CE_V_29" time="0.002" timestamp="2023-03-15T18:05:12"/>
	<testcase classname="test_register_order_tests.MyTestCase" name="test_CE_V_30" time="0.002" timestamp="2023-03-15T18:05:12"/>
	<testcase classname="test_register_order_tests.MyTestCase" name="test_CE_V_31" time="0.003" timestamp="2023-03-15T18:05:12"/>
	<testcase classname="test_register_order_tests.MyTestCase" name="test_CE_V_32" time="0.002" timestamp="2023-03-15T18:05:13"/>
	<testcase classname="test_register_order_tests.MyTestCase" name="test_CE_V_33" time="0.002" timestamp="2023-03-15T18:05:13"/>
	<testcase classname="test_register_order_tests.MyTestCase" name="test_CE_V_34" time="0.002" timestamp="2023-03-15T18:05:13"/>
	<testcase classname="test_register_order_tests.MyTestCase" name="test_CE_V_6" time="0.002" timestamp="2023-03-15T18:05:13"/>
	<testcase classname="test_register_order_tests.MyTestCase" name="test_CE_V_7" time="0.002" timestamp="2023-03-15T18:05:13"/>
	<testcase classname="test_register_order_tests.MyTestCase" name="test_LV_NV_16" time="0.002" timestamp="2023-03-15T18:05:13"/>
	<testcase classname="test_register_order_tests.MyTestCase" name="test_LV_NV_26" time="0.002" timestamp="2023-03-15T18:05:13"/>
	<testcase classname="test_register_order_tests.MyTestCase" name="test_LV_NV_27" time="0.002" timestamp="2023-03-15T18:05:13"/>
	<testcase classname="test_register_order_tests.MyTestCase" name="test_LV_NV_28" time="0.002" timestamp="2023-03-15T18:05:13"/>
	<testcase classname="test_register_order_tests.MyTestCase" name="test_VE_V_36" time="0.002" timestamp="2023-03-15T18:05:13"/>
	<testcase classname="test_register_order_tests.MyTestCase" name="test_VL_V_22" time="0.002" timestamp="2023-03-15T18:05:13"/>
	<testcase classname="test_register_order_tests.MyTestCase" name="test_VL_V_35" time="0.002" timestamp="2023-03-15T18:05:13"/>
	<testcase classname="test_register_order_tests.MyTestCase" name="test_VE_V_37" time="0.005" timestamp="2023-03-15T18:05:13">
		<error type="FileNotFoundError" message="[Errno 2] No such file or directory: '/Users/eduG89.2023.T20.EG3\target\reportsGE3_2023_coverage.json'"><![CDATA[Traceback (most recent call last):
  File "/Library/Frameworks/Python.framework/Versions/3.11/lib/python3.11/unittest/case.py", line 57, in testPartExecutor
    yield
  File "/Library/Frameworks/Python.framework/Versions/3.11/lib/python3.11/unittest/case.py", line 623, in run
    self._callTestMethod(testMethod)
    ^^^^^^^^^^^^^^^^^
  File "/Library/Frameworks/Python.framework/Versions/3.11/lib/python3.11/unittest/case.py", line 579, in _callTestMethod
    if method() is not None:
    ^^^^^^^^^^^^^^^^^
  File "/Users/edu/PycharmProjects/G89.2023.T20.EG3/lib/python3.11/site-packages/freezegun/api.py", line 809, in wrapper
    result = func(*args, **kwargs)
    ^^^^^^^^^^^^^^^^^
  File "/Users/edu/PycharmProjects/G89.2023.T20.EG3/src/unittest/python/test_register_order_tests.py", line 519, in test_VE_V_37
    with (open(file_store, "r", encoding= "UTF-W", newline="")) as file:
    ^^^^^^^^^^^^^^^^^
FileNotFoundError: [Errno 2] No such file or directory: '/Users/eduG89.2023.T20.EG3\target\reportsGE3_2023_coverage.json'
]]></error>
	</testcase>
</testsuite>
