{
  "errors": [
    {
      "test": "test_register_order_tests.MyTestCase.test_CE_NV_12",
      "traceback": "Traceback (most recent call last):\n  File \"/Library/Frameworks/Python.framework/Versions/3.11/lib/python3.11/unittest/case.py\", line 57, in testPartExecutor\n    yield\n  File \"/Library/Frameworks/Python.framework/Versions/3.11/lib/python3.11/unittest/case.py\", line 623, in run\n    self._callTestMethod(testMethod)\n    ^^^^^^^^^^^^^^^^^\n  File \"/Library/Frameworks/Python.framework/Versions/3.11/lib/python3.11/unittest/case.py\", line 579, in _callTestMethod\n    if method() is not None:\n    ^^^^^^^^^^^^^^^^^\n  File \"/Users/edu/PycharmProjects/G89.2023.T20.EG3/lib/python3.11/site-packages/freezegun/api.py\", line 809, in wrapper\n    result = func(*args, **kwargs)\n    ^^^^^^^^^^^^^^^^^\n  File \"/Users/edu/PycharmProjects/G89.2023.T20.EG3/src/unittest/python/test_register_order_tests.py\", line 166, in test_CE_NV_12\n    my_manager = OrderManager()\n    ^^^^^^^^^^^^^^^^^\n  File \"/Users/edu/PycharmProjects/G89.2023.T20.EG3/src/main/python/uc3m_logistics/order_manager.py\", line 14, in __init__\n    current_path = os.path.direname(__file__)\n    ^^^^^^^^^^^^^^^^^\nAttributeError: module 'posixpath' has no attribute 'direname'\n"
    },
    {
      "test": "test_register_order_tests.MyTestCase.test_CE_NV_13",
      "traceback": "Traceback (most recent call last):\n  File \"/Library/Frameworks/Python.framework/Versions/3.11/lib/python3.11/unittest/case.py\", line 57, in testPartExecutor\n    yield\n  File \"/Library/Frameworks/Python.framework/Versions/3.11/lib/python3.11/unittest/case.py\", line 623, in run\n    self._callTestMethod(testMethod)\n    ^^^^^^^^^^^^^^^^^\n  File \"/Library/Frameworks/Python.framework/Versions/3.11/lib/python3.11/unittest/case.py\", line 579, in _callTestMethod\n    if method() is not None:\n    ^^^^^^^^^^^^^^^^^\n  File \"/Users/edu/PycharmProjects/G89.2023.T20.EG3/lib/python3.11/site-packages/freezegun/api.py\", line 809, in wrapper\n    result = func(*args, **kwargs)\n    ^^^^^^^^^^^^^^^^^\n  File \"/Users/edu/PycharmProjects/G89.2023.T20.EG3/src/unittest/python/test_register_order_tests.py\", line 179, in test_CE_NV_13\n    my_manager = OrderManager()\n    ^^^^^^^^^^^^^^^^^\n  File \"/Users/edu/PycharmProjects/G89.2023.T20.EG3/src/main/python/uc3m_logistics/order_manager.py\", line 14, in __init__\n    current_path = os.path.direname(__file__)\n    ^^^^^^^^^^^^^^^^^\nAttributeError: module 'posixpath' has no attribute 'direname'\n"
    },
    {
      "test": "test_register_order_tests.MyTestCase.test_CE_NV_14",
      "traceback": "Traceback (most recent call last):\n  File \"/Library/Frameworks/Python.framework/Versions/3.11/lib/python3.11/unittest/case.py\", line 57, in testPartExecutor\n    yield\n  File \"/Library/Frameworks/Python.framework/Versions/3.11/lib/python3.11/unittest/case.py\", line 623, in run\n    self._callTestMethod(testMethod)\n    ^^^^^^^^^^^^^^^^^\n  File \"/Library/Frameworks/Python.framework/Versions/3.11/lib/python3.11/unittest/case.py\", line 579, in _callTestMethod\n    if method() is not None:\n    ^^^^^^^^^^^^^^^^^\n  File \"/Users/edu/PycharmProjects/G89.2023.T20.EG3/lib/python3.11/site-packages/freezegun/api.py\", line 809, in wrapper\n    result = func(*args, **kwargs)\n    ^^^^^^^^^^^^^^^^^\n  File \"/Users/edu/PycharmProjects/G89.2023.T20.EG3/src/unittest/python/test_register_order_tests.py\", line 193, in test_CE_NV_14\n    my_manager = OrderManager()\n    ^^^^^^^^^^^^^^^^^\n  File \"/Users/edu/PycharmProjects/G89.2023.T20.EG3/src/main/python/uc3m_logistics/order_manager.py\", line 14, in __init__\n    current_path = os.path.direname(__file__)\n    ^^^^^^^^^^^^^^^^^\nAttributeError: module 'posixpath' has no attribute 'direname'\n"
    },
    {
      "test": "test_register_order_tests.MyTestCase.test_CE_NV_15",
      "traceback": "Traceback (most recent call last):\n  File \"/Library/Frameworks/Python.framework/Versions/3.11/lib/python3.11/unittest/case.py\", line 57, in testPartExecutor\n    yield\n  File \"/Library/Frameworks/Python.framework/Versions/3.11/lib/python3.11/unittest/case.py\", line 623, in run\n    self._callTestMethod(testMethod)\n    ^^^^^^^^^^^^^^^^^\n  File \"/Library/Frameworks/Python.framework/Versions/3.11/lib/python3.11/unittest/case.py\", line 579, in _callTestMethod\n    if method() is not None:\n    ^^^^^^^^^^^^^^^^^\n  File \"/Users/edu/PycharmProjects/G89.2023.T20.EG3/lib/python3.11/site-packages/freezegun/api.py\", line 809, in wrapper\n    result = func(*args, **kwargs)\n    ^^^^^^^^^^^^^^^^^\n  File \"/Users/edu/PycharmProjects/G89.2023.T20.EG3/src/unittest/python/test_register_order_tests.py\", line 207, in test_CE_NV_15\n    my_manager = OrderManager()\n    ^^^^^^^^^^^^^^^^^\n  File \"/Users/edu/PycharmProjects/G89.2023.T20.EG3/src/main/python/uc3m_logistics/order_manager.py\", line 14, in __init__\n    current_path = os.path.direname(__file__)\n    ^^^^^^^^^^^^^^^^^\nAttributeError: module 'posixpath' has no attribute 'direname'\n"
    },
    {
      "test": "test_register_order_tests.MyTestCase.test_CE_NV_18",
      "traceback": "Traceback (most recent call last):\n  File \"/Library/Frameworks/Python.framework/Versions/3.11/lib/python3.11/unittest/case.py\", line 57, in testPartExecutor\n    yield\n  File \"/Library/Frameworks/Python.framework/Versions/3.11/lib/python3.11/unittest/case.py\", line 623, in run\n    self._callTestMethod(testMethod)\n    ^^^^^^^^^^^^^^^^^\n  File \"/Library/Frameworks/Python.framework/Versions/3.11/lib/python3.11/unittest/case.py\", line 579, in _callTestMethod\n    if method() is not None:\n    ^^^^^^^^^^^^^^^^^\n  File \"/Users/edu/PycharmProjects/G89.2023.T20.EG3/lib/python3.11/site-packages/freezegun/api.py\", line 809, in wrapper\n    result = func(*args, **kwargs)\n    ^^^^^^^^^^^^^^^^^\n  File \"/Users/edu/PycharmProjects/G89.2023.T20.EG3/src/unittest/python/test_register_order_tests.py\", line 249, in test_CE_NV_18\n    my_manager = OrderManager()\n    ^^^^^^^^^^^^^^^^^\n  File \"/Users/edu/PycharmProjects/G89.2023.T20.EG3/src/main/python/uc3m_logistics/order_manager.py\", line 14, in __init__\n    current_path = os.path.direname(__file__)\n    ^^^^^^^^^^^^^^^^^\nAttributeError: module 'posixpath' has no attribute 'direname'\n"
    },
    {
      "test": "test_register_order_tests.MyTestCase.test_CE_NV_2",
      "traceback": "Traceback (most recent call last):\n  File \"/Library/Frameworks/Python.framework/Versions/3.11/lib/python3.11/unittest/case.py\", line 57, in testPartExecutor\n    yield\n  File \"/Library/Frameworks/Python.framework/Versions/3.11/lib/python3.11/unittest/case.py\", line 623, in run\n    self._callTestMethod(testMethod)\n    ^^^^^^^^^^^^^^^^^\n  File \"/Library/Frameworks/Python.framework/Versions/3.11/lib/python3.11/unittest/case.py\", line 579, in _callTestMethod\n    if method() is not None:\n    ^^^^^^^^^^^^^^^^^\n  File \"/Users/edu/PycharmProjects/G89.2023.T20.EG3/lib/python3.11/site-packages/freezegun/api.py\", line 809, in wrapper\n    result = func(*args, **kwargs)\n    ^^^^^^^^^^^^^^^^^\n  File \"/Users/edu/PycharmProjects/G89.2023.T20.EG3/src/unittest/python/test_register_order_tests.py\", line 29, in test_CE_NV_2\n    my_manager = OrderManager()\n    ^^^^^^^^^^^^^^^^^\n  File \"/Users/edu/PycharmProjects/G89.2023.T20.EG3/src/main/python/uc3m_logistics/order_manager.py\", line 14, in __init__\n    current_path = os.path.direname(__file__)\n    ^^^^^^^^^^^^^^^^^\nAttributeError: module 'posixpath' has no attribute 'direname'\n"
    },
    {
      "test": "test_register_order_tests.MyTestCase.test_CE_NV_20",
      "traceback": "Traceback (most recent call last):\n  File \"/Library/Frameworks/Python.framework/Versions/3.11/lib/python3.11/unittest/case.py\", line 57, in testPartExecutor\n    yield\n  File \"/Library/Frameworks/Python.framework/Versions/3.11/lib/python3.11/unittest/case.py\", line 623, in run\n    self._callTestMethod(testMethod)\n    ^^^^^^^^^^^^^^^^^\n  File \"/Library/Frameworks/Python.framework/Versions/3.11/lib/python3.11/unittest/case.py\", line 579, in _callTestMethod\n    if method() is not None:\n    ^^^^^^^^^^^^^^^^^\n  File \"/Users/edu/PycharmProjects/G89.2023.T20.EG3/lib/python3.11/site-packages/freezegun/api.py\", line 809, in wrapper\n    result = func(*args, **kwargs)\n    ^^^^^^^^^^^^^^^^^\n  File \"/Users/edu/PycharmProjects/G89.2023.T20.EG3/src/unittest/python/test_register_order_tests.py\", line 276, in test_CE_NV_20\n    my_manager = OrderManager()\n    ^^^^^^^^^^^^^^^^^\n  File \"/Users/edu/PycharmProjects/G89.2023.T20.EG3/src/main/python/uc3m_logistics/order_manager.py\", line 14, in __init__\n    current_path = os.path.direname(__file__)\n    ^^^^^^^^^^^^^^^^^\nAttributeError: module 'posixpath' has no attribute 'direname'\n"
    },
    {
      "test": "test_register_order_tests.MyTestCase.test_CE_NV_21",
      "traceback": "Traceback (most recent call last):\n  File \"/Library/Frameworks/Python.framework/Versions/3.11/lib/python3.11/unittest/case.py\", line 57, in testPartExecutor\n    yield\n  File \"/Library/Frameworks/Python.framework/Versions/3.11/lib/python3.11/unittest/case.py\", line 623, in run\n    self._callTestMethod(testMethod)\n    ^^^^^^^^^^^^^^^^^\n  File \"/Library/Frameworks/Python.framework/Versions/3.11/lib/python3.11/unittest/case.py\", line 579, in _callTestMethod\n    if method() is not None:\n    ^^^^^^^^^^^^^^^^^\n  File \"/Users/edu/PycharmProjects/G89.2023.T20.EG3/lib/python3.11/site-packages/freezegun/api.py\", line 809, in wrapper\n    result = func(*args, **kwargs)\n    ^^^^^^^^^^^^^^^^^\n  File \"/Users/edu/PycharmProjects/G89.2023.T20.EG3/src/unittest/python/test_register_order_tests.py\", line 291, in test_CE_NV_21\n    my_manager = OrderManager()\n    ^^^^^^^^^^^^^^^^^\n  File \"/Users/edu/PycharmProjects/G89.2023.T20.EG3/src/main/python/uc3m_logistics/order_manager.py\", line 14, in __init__\n    current_path = os.path.direname(__file__)\n    ^^^^^^^^^^^^^^^^^\nAttributeError: module 'posixpath' has no attribute 'direname'\n"
    },
    {
      "test": "test_register_order_tests.MyTestCase.test_CE_NV_24",
      "traceback": "Traceback (most recent call last):\n  File \"/Library/Frameworks/Python.framework/Versions/3.11/lib/python3.11/unittest/case.py\", line 57, in testPartExecutor\n    yield\n  File \"/Library/Frameworks/Python.framework/Versions/3.11/lib/python3.11/unittest/case.py\", line 623, in run\n    self._callTestMethod(testMethod)\n    ^^^^^^^^^^^^^^^^^\n  File \"/Library/Frameworks/Python.framework/Versions/3.11/lib/python3.11/unittest/case.py\", line 579, in _callTestMethod\n    if method() is not None:\n    ^^^^^^^^^^^^^^^^^\n  File \"/Users/edu/PycharmProjects/G89.2023.T20.EG3/lib/python3.11/site-packages/freezegun/api.py\", line 809, in wrapper\n    result = func(*args, **kwargs)\n    ^^^^^^^^^^^^^^^^^\n  File \"/Users/edu/PycharmProjects/G89.2023.T20.EG3/src/unittest/python/test_register_order_tests.py\", line 331, in test_CE_NV_24\n    my_manager = OrderManager()\n    ^^^^^^^^^^^^^^^^^\n  File \"/Users/edu/PycharmProjects/G89.2023.T20.EG3/src/main/python/uc3m_logistics/order_manager.py\", line 14, in __init__\n    current_path = os.path.direname(__file__)\n    ^^^^^^^^^^^^^^^^^\nAttributeError: module 'posixpath' has no attribute 'direname'\n"
    },
    {
      "test": "test_register_order_tests.MyTestCase.test_CE_NV_25",
      "traceback": "Traceback (most recent call last):\n  File \"/Library/Frameworks/Python.framework/Versions/3.11/lib/python3.11/unittest/case.py\", line 57, in testPartExecutor\n    yield\n  File \"/Library/Frameworks/Python.framework/Versions/3.11/lib/python3.11/unittest/case.py\", line 623, in run\n    self._callTestMethod(testMethod)\n    ^^^^^^^^^^^^^^^^^\n  File \"/Library/Frameworks/Python.framework/Versions/3.11/lib/python3.11/unittest/case.py\", line 579, in _callTestMethod\n    if method() is not None:\n    ^^^^^^^^^^^^^^^^^\n  File \"/Users/edu/PycharmProjects/G89.2023.T20.EG3/lib/python3.11/site-packages/freezegun/api.py\", line 809, in wrapper\n    result = func(*args, **kwargs)\n    ^^^^^^^^^^^^^^^^^\n  File \"/Users/edu/PycharmProjects/G89.2023.T20.EG3/src/unittest/python/test_register_order_tests.py\", line 345, in test_CE_NV_25\n    my_manager = OrderManager()\n    ^^^^^^^^^^^^^^^^^\n  File \"/Users/edu/PycharmProjects/G89.2023.T20.EG3/src/main/python/uc3m_logistics/order_manager.py\", line 14, in __init__\n    current_path = os.path.direname(__file__)\n    ^^^^^^^^^^^^^^^^^\nAttributeError: module 'posixpath' has no attribute 'direname'\n"
    },
    {
      "test": "test_register_order_tests.MyTestCase.test_CE_NV_3",
      "traceback": "Traceback (most recent call last):\n  File \"/Library/Frameworks/Python.framework/Versions/3.11/lib/python3.11/unittest/case.py\", line 57, in testPartExecutor\n    yield\n  File \"/Library/Frameworks/Python.framework/Versions/3.11/lib/python3.11/unittest/case.py\", line 623, in run\n    self._callTestMethod(testMethod)\n    ^^^^^^^^^^^^^^^^^\n  File \"/Library/Frameworks/Python.framework/Versions/3.11/lib/python3.11/unittest/case.py\", line 579, in _callTestMethod\n    if method() is not None:\n    ^^^^^^^^^^^^^^^^^\n  File \"/Users/edu/PycharmProjects/G89.2023.T20.EG3/src/unittest/python/test_register_order_tests.py\", line 43, in test_CE_NV_3\n    my_manager = OrderManager()\n    ^^^^^^^^^^^^^^^^^\n  File \"/Users/edu/PycharmProjects/G89.2023.T20.EG3/src/main/python/uc3m_logistics/order_manager.py\", line 14, in __init__\n    current_path = os.path.direname(__file__)\n    ^^^^^^^^^^^^^^^^^\nAttributeError: module 'posixpath' has no attribute 'direname'\n"
    },
    {
      "test": "test_register_order_tests.MyTestCase.test_CE_NV_4",
      "traceback": "Traceback (most recent call last):\n  File \"/Library/Frameworks/Python.framework/Versions/3.11/lib/python3.11/unittest/case.py\", line 57, in testPartExecutor\n    yield\n  File \"/Library/Frameworks/Python.framework/Versions/3.11/lib/python3.11/unittest/case.py\", line 623, in run\n    self._callTestMethod(testMethod)\n    ^^^^^^^^^^^^^^^^^\n  File \"/Library/Frameworks/Python.framework/Versions/3.11/lib/python3.11/unittest/case.py\", line 579, in _callTestMethod\n    if method() is not None:\n    ^^^^^^^^^^^^^^^^^\n  File \"/Users/edu/PycharmProjects/G89.2023.T20.EG3/lib/python3.11/site-packages/freezegun/api.py\", line 809, in wrapper\n    result = func(*args, **kwargs)\n    ^^^^^^^^^^^^^^^^^\n  File \"/Users/edu/PycharmProjects/G89.2023.T20.EG3/src/unittest/python/test_register_order_tests.py\", line 58, in test_CE_NV_4\n    my_manager = OrderManager()\n    ^^^^^^^^^^^^^^^^^\n  File \"/Users/edu/PycharmProjects/G89.2023.T20.EG3/src/main/python/uc3m_logistics/order_manager.py\", line 14, in __init__\n    current_path = os.path.direname(__file__)\n    ^^^^^^^^^^^^^^^^^\nAttributeError: module 'posixpath' has no attribute 'direname'\n"
    },
    {
      "test": "test_register_order_tests.MyTestCase.test_CE_NV_5",
      "traceback": "Traceback (most recent call last):\n  File \"/Library/Frameworks/Python.framework/Versions/3.11/lib/python3.11/unittest/case.py\", line 57, in testPartExecutor\n    yield\n  File \"/Library/Frameworks/Python.framework/Versions/3.11/lib/python3.11/unittest/case.py\", line 623, in run\n    self._callTestMethod(testMethod)\n    ^^^^^^^^^^^^^^^^^\n  File \"/Library/Frameworks/Python.framework/Versions/3.11/lib/python3.11/unittest/case.py\", line 579, in _callTestMethod\n    if method() is not None:\n    ^^^^^^^^^^^^^^^^^\n  File \"/Users/edu/PycharmProjects/G89.2023.T20.EG3/lib/python3.11/site-packages/freezegun/api.py\", line 809, in wrapper\n    result = func(*args, **kwargs)\n    ^^^^^^^^^^^^^^^^^\n  File \"/Users/edu/PycharmProjects/G89.2023.T20.EG3/src/unittest/python/test_register_order_tests.py\", line 72, in test_CE_NV_5\n    my_manager = OrderManager()\n    ^^^^^^^^^^^^^^^^^\n  File \"/Users/edu/PycharmProjects/G89.2023.T20.EG3/src/main/python/uc3m_logistics/order_manager.py\", line 14, in __init__\n    current_path = os.path.direname(__file__)\n    ^^^^^^^^^^^^^^^^^\nAttributeError: module 'posixpath' has no attribute 'direname'\n"
    },
    {
      "test": "test_register_order_tests.MyTestCase.test_CE_NV_8",
      "traceback": "Traceback (most recent call last):\n  File \"/Library/Frameworks/Python.framework/Versions/3.11/lib/python3.11/unittest/case.py\", line 57, in testPartExecutor\n    yield\n  File \"/Library/Frameworks/Python.framework/Versions/3.11/lib/python3.11/unittest/case.py\", line 623, in run\n    self._callTestMethod(testMethod)\n    ^^^^^^^^^^^^^^^^^\n  File \"/Library/Frameworks/Python.framework/Versions/3.11/lib/python3.11/unittest/case.py\", line 579, in _callTestMethod\n    if method() is not None:\n    ^^^^^^^^^^^^^^^^^\n  File \"/Users/edu/PycharmProjects/G89.2023.T20.EG3/lib/python3.11/site-packages/freezegun/api.py\", line 809, in wrapper\n    result = func(*args, **kwargs)\n    ^^^^^^^^^^^^^^^^^\n  File \"/Users/edu/PycharmProjects/G89.2023.T20.EG3/src/unittest/python/test_register_order_tests.py\", line 112, in test_CE_NV_8\n    my_manager = OrderManager()\n    ^^^^^^^^^^^^^^^^^\n  File \"/Users/edu/PycharmProjects/G89.2023.T20.EG3/src/main/python/uc3m_logistics/order_manager.py\", line 14, in __init__\n    current_path = os.path.direname(__file__)\n    ^^^^^^^^^^^^^^^^^\nAttributeError: module 'posixpath' has no attribute 'direname'\n"
    },
    {
      "test": "test_register_order_tests.MyTestCase.test_CE_NV_9",
      "traceback": "Traceback (most recent call last):\n  File \"/Library/Frameworks/Python.framework/Versions/3.11/lib/python3.11/unittest/case.py\", line 57, in testPartExecutor\n    yield\n  File \"/Library/Frameworks/Python.framework/Versions/3.11/lib/python3.11/unittest/case.py\", line 623, in run\n    self._callTestMethod(testMethod)\n    ^^^^^^^^^^^^^^^^^\n  File \"/Library/Frameworks/Python.framework/Versions/3.11/lib/python3.11/unittest/case.py\", line 579, in _callTestMethod\n    if method() is not None:\n    ^^^^^^^^^^^^^^^^^\n  File \"/Users/edu/PycharmProjects/G89.2023.T20.EG3/lib/python3.11/site-packages/freezegun/api.py\", line 809, in wrapper\n    result = func(*args, **kwargs)\n    ^^^^^^^^^^^^^^^^^\n  File \"/Users/edu/PycharmProjects/G89.2023.T20.EG3/src/unittest/python/test_register_order_tests.py\", line 126, in test_CE_NV_9\n    my_manager = OrderManager()\n    ^^^^^^^^^^^^^^^^^\n  File \"/Users/edu/PycharmProjects/G89.2023.T20.EG3/src/main/python/uc3m_logistics/order_manager.py\", line 14, in __init__\n    current_path = os.path.direname(__file__)\n    ^^^^^^^^^^^^^^^^^\nAttributeError: module 'posixpath' has no attribute 'direname'\n"
    },
    {
      "test": "test_register_order_tests.MyTestCase.test_CE_V_1",
      "traceback": "Traceback (most recent call last):\n  File \"/Library/Frameworks/Python.framework/Versions/3.11/lib/python3.11/unittest/case.py\", line 57, in testPartExecutor\n    yield\n  File \"/Library/Frameworks/Python.framework/Versions/3.11/lib/python3.11/unittest/case.py\", line 623, in run\n    self._callTestMethod(testMethod)\n    ^^^^^^^^^^^^^^^^^\n  File \"/Library/Frameworks/Python.framework/Versions/3.11/lib/python3.11/unittest/case.py\", line 579, in _callTestMethod\n    if method() is not None:\n    ^^^^^^^^^^^^^^^^^\n  File \"/Users/edu/PycharmProjects/G89.2023.T20.EG3/lib/python3.11/site-packages/freezegun/api.py\", line 809, in wrapper\n    result = func(*args, **kwargs)\n    ^^^^^^^^^^^^^^^^^\n  File \"/Users/edu/PycharmProjects/G89.2023.T20.EG3/src/unittest/python/test_register_order_tests.py\", line 15, in test_CE_V_1\n    my_manager = OrderManager()\n    ^^^^^^^^^^^^^^^^^\n  File \"/Users/edu/PycharmProjects/G89.2023.T20.EG3/src/main/python/uc3m_logistics/order_manager.py\", line 14, in __init__\n    current_path = os.path.direname(__file__)\n    ^^^^^^^^^^^^^^^^^\nAttributeError: module 'posixpath' has no attribute 'direname'\n"
    },
    {
      "test": "test_register_order_tests.MyTestCase.test_CE_V_10",
      "traceback": "Traceback (most recent call last):\n  File \"/Library/Frameworks/Python.framework/Versions/3.11/lib/python3.11/unittest/case.py\", line 57, in testPartExecutor\n    yield\n  File \"/Library/Frameworks/Python.framework/Versions/3.11/lib/python3.11/unittest/case.py\", line 623, in run\n    self._callTestMethod(testMethod)\n    ^^^^^^^^^^^^^^^^^\n  File \"/Library/Frameworks/Python.framework/Versions/3.11/lib/python3.11/unittest/case.py\", line 579, in _callTestMethod\n    if method() is not None:\n    ^^^^^^^^^^^^^^^^^\n  File \"/Users/edu/PycharmProjects/G89.2023.T20.EG3/lib/python3.11/site-packages/freezegun/api.py\", line 809, in wrapper\n    result = func(*args, **kwargs)\n    ^^^^^^^^^^^^^^^^^\n  File \"/Users/edu/PycharmProjects/G89.2023.T20.EG3/src/unittest/python/test_register_order_tests.py\", line 140, in test_CE_V_10\n    my_manager = OrderManager()\n    ^^^^^^^^^^^^^^^^^\n  File \"/Users/edu/PycharmProjects/G89.2023.T20.EG3/src/main/python/uc3m_logistics/order_manager.py\", line 14, in __init__\n    current_path = os.path.direname(__file__)\n    ^^^^^^^^^^^^^^^^^\nAttributeError: module 'posixpath' has no attribute 'direname'\n"
    },
    {
      "test": "test_register_order_tests.MyTestCase.test_CE_V_11",
      "traceback": "Traceback (most recent call last):\n  File \"/Library/Frameworks/Python.framework/Versions/3.11/lib/python3.11/unittest/case.py\", line 57, in testPartExecutor\n    yield\n  File \"/Library/Frameworks/Python.framework/Versions/3.11/lib/python3.11/unittest/case.py\", line 623, in run\n    self._callTestMethod(testMethod)\n    ^^^^^^^^^^^^^^^^^\n  File \"/Library/Frameworks/Python.framework/Versions/3.11/lib/python3.11/unittest/case.py\", line 579, in _callTestMethod\n    if method() is not None:\n    ^^^^^^^^^^^^^^^^^\n  File \"/Users/edu/PycharmProjects/G89.2023.T20.EG3/lib/python3.11/site-packages/freezegun/api.py\", line 809, in wrapper\n    result = func(*args, **kwargs)\n    ^^^^^^^^^^^^^^^^^\n  File \"/Users/edu/PycharmProjects/G89.2023.T20.EG3/src/unittest/python/test_register_order_tests.py\", line 153, in test_CE_V_11\n    my_manager = OrderManager()\n    ^^^^^^^^^^^^^^^^^\n  File \"/Users/edu/PycharmProjects/G89.2023.T20.EG3/src/main/python/uc3m_logistics/order_manager.py\", line 14, in __init__\n    current_path = os.path.direname(__file__)\n    ^^^^^^^^^^^^^^^^^\nAttributeError: module 'posixpath' has no attribute 'direname'\n"
    },
    {
      "test": "test_register_order_tests.MyTestCase.test_CE_V_17",
      "traceback": "Traceback (most recent call last):\n  File \"/Library/Frameworks/Python.framework/Versions/3.11/lib/python3.11/unittest/case.py\", line 57, in testPartExecutor\n    yield\n  File \"/Library/Frameworks/Python.framework/Versions/3.11/lib/python3.11/unittest/case.py\", line 623, in run\n    self._callTestMethod(testMethod)\n    ^^^^^^^^^^^^^^^^^\n  File \"/Library/Frameworks/Python.framework/Versions/3.11/lib/python3.11/unittest/case.py\", line 579, in _callTestMethod\n    if method() is not None:\n    ^^^^^^^^^^^^^^^^^\n  File \"/Users/edu/PycharmProjects/G89.2023.T20.EG3/lib/python3.11/site-packages/freezegun/api.py\", line 809, in wrapper\n    result = func(*args, **kwargs)\n    ^^^^^^^^^^^^^^^^^\n  File \"/Users/edu/PycharmProjects/G89.2023.T20.EG3/src/unittest/python/test_register_order_tests.py\", line 236, in test_CE_V_17\n    my_manager = OrderManager()\n    ^^^^^^^^^^^^^^^^^\n  File \"/Users/edu/PycharmProjects/G89.2023.T20.EG3/src/main/python/uc3m_logistics/order_manager.py\", line 14, in __init__\n    current_path = os.path.direname(__file__)\n    ^^^^^^^^^^^^^^^^^\nAttributeError: module 'posixpath' has no attribute 'direname'\n"
    },
    {
      "test": "test_register_order_tests.MyTestCase.test_CE_V_19",
      "traceback": "Traceback (most recent call last):\n  File \"/Library/Frameworks/Python.framework/Versions/3.11/lib/python3.11/unittest/case.py\", line 57, in testPartExecutor\n    yield\n  File \"/Library/Frameworks/Python.framework/Versions/3.11/lib/python3.11/unittest/case.py\", line 623, in run\n    self._callTestMethod(testMethod)\n    ^^^^^^^^^^^^^^^^^\n  File \"/Library/Frameworks/Python.framework/Versions/3.11/lib/python3.11/unittest/case.py\", line 579, in _callTestMethod\n    if method() is not None:\n    ^^^^^^^^^^^^^^^^^\n  File \"/Users/edu/PycharmProjects/G89.2023.T20.EG3/lib/python3.11/site-packages/freezegun/api.py\", line 809, in wrapper\n    result = func(*args, **kwargs)\n    ^^^^^^^^^^^^^^^^^\n  File \"/Users/edu/PycharmProjects/G89.2023.T20.EG3/src/unittest/python/test_register_order_tests.py\", line 263, in test_CE_V_19\n    my_manager = OrderManager()\n    ^^^^^^^^^^^^^^^^^\n  File \"/Users/edu/PycharmProjects/G89.2023.T20.EG3/src/main/python/uc3m_logistics/order_manager.py\", line 14, in __init__\n    current_path = os.path.direname(__file__)\n    ^^^^^^^^^^^^^^^^^\nAttributeError: module 'posixpath' has no attribute 'direname'\n"
    },
    {
      "test": "test_register_order_tests.MyTestCase.test_CE_V_23",
      "traceback": "Traceback (most recent call last):\n  File \"/Library/Frameworks/Python.framework/Versions/3.11/lib/python3.11/unittest/case.py\", line 57, in testPartExecutor\n    yield\n  File \"/Library/Frameworks/Python.framework/Versions/3.11/lib/python3.11/unittest/case.py\", line 623, in run\n    self._callTestMethod(testMethod)\n    ^^^^^^^^^^^^^^^^^\n  File \"/Library/Frameworks/Python.framework/Versions/3.11/lib/python3.11/unittest/case.py\", line 579, in _callTestMethod\n    if method() is not None:\n    ^^^^^^^^^^^^^^^^^\n  File \"/Users/edu/PycharmProjects/G89.2023.T20.EG3/lib/python3.11/site-packages/freezegun/api.py\", line 809, in wrapper\n    result = func(*args, **kwargs)\n    ^^^^^^^^^^^^^^^^^\n  File \"/Users/edu/PycharmProjects/G89.2023.T20.EG3/src/unittest/python/test_register_order_tests.py\", line 318, in test_CE_V_23\n    my_manager = OrderManager()\n    ^^^^^^^^^^^^^^^^^\n  File \"/Users/edu/PycharmProjects/G89.2023.T20.EG3/src/main/python/uc3m_logistics/order_manager.py\", line 14, in __init__\n    current_path = os.path.direname(__file__)\n    ^^^^^^^^^^^^^^^^^\nAttributeError: module 'posixpath' has no attribute 'direname'\n"
    },
    {
      "test": "test_register_order_tests.MyTestCase.test_CE_V_29",
      "traceback": "Traceback (most recent call last):\n  File \"/Library/Frameworks/Python.framework/Versions/3.11/lib/python3.11/unittest/case.py\", line 57, in testPartExecutor\n    yield\n  File \"/Library/Frameworks/Python.framework/Versions/3.11/lib/python3.11/unittest/case.py\", line 623, in run\n    self._callTestMethod(testMethod)\n    ^^^^^^^^^^^^^^^^^\n  File \"/Library/Frameworks/Python.framework/Versions/3.11/lib/python3.11/unittest/case.py\", line 579, in _callTestMethod\n    if method() is not None:\n    ^^^^^^^^^^^^^^^^^\n  File \"/Users/edu/PycharmProjects/G89.2023.T20.EG3/lib/python3.11/site-packages/freezegun/api.py\", line 809, in wrapper\n    result = func(*args, **kwargs)\n    ^^^^^^^^^^^^^^^^^\n  File \"/Users/edu/PycharmProjects/G89.2023.T20.EG3/src/unittest/python/test_register_order_tests.py\", line 401, in test_CE_V_29\n    my_manager = OrderManager()\n    ^^^^^^^^^^^^^^^^^\n  File \"/Users/edu/PycharmProjects/G89.2023.T20.EG3/src/main/python/uc3m_logistics/order_manager.py\", line 14, in __init__\n    current_path = os.path.direname(__file__)\n    ^^^^^^^^^^^^^^^^^\nAttributeError: module 'posixpath' has no attribute 'direname'\n"
    },
    {
      "test": "test_register_order_tests.MyTestCase.test_CE_V_30",
      "traceback": "Traceback (most recent call last):\n  File \"/Library/Frameworks/Python.framework/Versions/3.11/lib/python3.11/unittest/case.py\", line 57, in testPartExecutor\n    yield\n  File \"/Library/Frameworks/Python.framework/Versions/3.11/lib/python3.11/unittest/case.py\", line 623, in run\n    self._callTestMethod(testMethod)\n    ^^^^^^^^^^^^^^^^^\n  File \"/Library/Frameworks/Python.framework/Versions/3.11/lib/python3.11/unittest/case.py\", line 579, in _callTestMethod\n    if method() is not None:\n    ^^^^^^^^^^^^^^^^^\n  File \"/Users/edu/PycharmProjects/G89.2023.T20.EG3/lib/python3.11/site-packages/freezegun/api.py\", line 809, in wrapper\n    result = func(*args, **kwargs)\n    ^^^^^^^^^^^^^^^^^\n  File \"/Users/edu/PycharmProjects/G89.2023.T20.EG3/src/unittest/python/test_register_order_tests.py\", line 414, in test_CE_V_30\n    my_manager = OrderManager()\n    ^^^^^^^^^^^^^^^^^\n  File \"/Users/edu/PycharmProjects/G89.2023.T20.EG3/src/main/python/uc3m_logistics/order_manager.py\", line 14, in __init__\n    current_path = os.path.direname(__file__)\n    ^^^^^^^^^^^^^^^^^\nAttributeError: module 'posixpath' has no attribute 'direname'\n"
    },
    {
      "test": "test_register_order_tests.MyTestCase.test_CE_V_31",
      "traceback": "Traceback (most recent call last):\n  File \"/Library/Frameworks/Python.framework/Versions/3.11/lib/python3.11/unittest/case.py\", line 57, in testPartExecutor\n    yield\n  File \"/Library/Frameworks/Python.framework/Versions/3.11/lib/python3.11/unittest/case.py\", line 623, in run\n    self._callTestMethod(testMethod)\n    ^^^^^^^^^^^^^^^^^\n  File \"/Library/Frameworks/Python.framework/Versions/3.11/lib/python3.11/unittest/case.py\", line 579, in _callTestMethod\n    if method() is not None:\n    ^^^^^^^^^^^^^^^^^\n  File \"/Users/edu/PycharmProjects/G89.2023.T20.EG3/lib/python3.11/site-packages/freezegun/api.py\", line 809, in wrapper\n    result = func(*args, **kwargs)\n    ^^^^^^^^^^^^^^^^^\n  File \"/Users/edu/PycharmProjects/G89.2023.T20.EG3/src/unittest/python/test_register_order_tests.py\", line 427, in test_CE_V_31\n    my_manager = OrderManager()\n    ^^^^^^^^^^^^^^^^^\n  File \"/Users/edu/PycharmProjects/G89.2023.T20.EG3/src/main/python/uc3m_logistics/order_manager.py\", line 14, in __init__\n    current_path = os.path.direname(__file__)\n    ^^^^^^^^^^^^^^^^^\nAttributeError: module 'posixpath' has no attribute 'direname'\n"
    },
    {
      "test": "test_register_order_tests.MyTestCase.test_CE_V_32",
      "traceback": "Traceback (most recent call last):\n  File \"/Library/Frameworks/Python.framework/Versions/3.11/lib/python3.11/unittest/case.py\", line 57, in testPartExecutor\n    yield\n  File \"/Library/Frameworks/Python.framework/Versions/3.11/lib/python3.11/unittest/case.py\", line 623, in run\n    self._callTestMethod(testMethod)\n    ^^^^^^^^^^^^^^^^^\n  File \"/Library/Frameworks/Python.framework/Versions/3.11/lib/python3.11/unittest/case.py\", line 579, in _callTestMethod\n    if method() is not None:\n    ^^^^^^^^^^^^^^^^^\n  File \"/Users/edu/PycharmProjects/G89.2023.T20.EG3/lib/python3.11/site-packages/freezegun/api.py\", line 809, in wrapper\n    result = func(*args, **kwargs)\n    ^^^^^^^^^^^^^^^^^\n  File \"/Users/edu/PycharmProjects/G89.2023.T20.EG3/src/unittest/python/test_register_order_tests.py\", line 440, in test_CE_V_32\n    my_manager = OrderManager()\n    ^^^^^^^^^^^^^^^^^\n  File \"/Users/edu/PycharmProjects/G89.2023.T20.EG3/src/main/python/uc3m_logistics/order_manager.py\", line 14, in __init__\n    current_path = os.path.direname(__file__)\n    ^^^^^^^^^^^^^^^^^\nAttributeError: module 'posixpath' has no attribute 'direname'\n"
    },
    {
      "test": "test_register_order_tests.MyTestCase.test_CE_V_33",
      "traceback": "Traceback (most recent call last):\n  File \"/Library/Frameworks/Python.framework/Versions/3.11/lib/python3.11/unittest/case.py\", line 57, in testPartExecutor\n    yield\n  File \"/Library/Frameworks/Python.framework/Versions/3.11/lib/python3.11/unittest/case.py\", line 623, in run\n    self._callTestMethod(testMethod)\n    ^^^^^^^^^^^^^^^^^\n  File \"/Library/Frameworks/Python.framework/Versions/3.11/lib/python3.11/unittest/case.py\", line 579, in _callTestMethod\n    if method() is not None:\n    ^^^^^^^^^^^^^^^^^\n  File \"/Users/edu/PycharmProjects/G89.2023.T20.EG3/lib/python3.11/site-packages/freezegun/api.py\", line 809, in wrapper\n    result = func(*args, **kwargs)\n    ^^^^^^^^^^^^^^^^^\n  File \"/Users/edu/PycharmProjects/G89.2023.T20.EG3/src/unittest/python/test_register_order_tests.py\", line 454, in test_CE_V_33\n    my_manager = OrderManager()\n    ^^^^^^^^^^^^^^^^^\n  File \"/Users/edu/PycharmProjects/G89.2023.T20.EG3/src/main/python/uc3m_logistics/order_manager.py\", line 14, in __init__\n    current_path = os.path.direname(__file__)\n    ^^^^^^^^^^^^^^^^^\nAttributeError: module 'posixpath' has no attribute 'direname'\n"
    },
    {
      "test": "test_register_order_tests.MyTestCase.test_CE_V_34",
      "traceback": "Traceback (most recent call last):\n  File \"/Library/Frameworks/Python.framework/Versions/3.11/lib/python3.11/unittest/case.py\", line 57, in testPartExecutor\n    yield\n  File \"/Library/Frameworks/Python.framework/Versions/3.11/lib/python3.11/unittest/case.py\", line 623, in run\n    self._callTestMethod(testMethod)\n    ^^^^^^^^^^^^^^^^^\n  File \"/Library/Frameworks/Python.framework/Versions/3.11/lib/python3.11/unittest/case.py\", line 579, in _callTestMethod\n    if method() is not None:\n    ^^^^^^^^^^^^^^^^^\n  File \"/Users/edu/PycharmProjects/G89.2023.T20.EG3/lib/python3.11/site-packages/freezegun/api.py\", line 809, in wrapper\n    result = func(*args, **kwargs)\n    ^^^^^^^^^^^^^^^^^\n  File \"/Users/edu/PycharmProjects/G89.2023.T20.EG3/src/unittest/python/test_register_order_tests.py\", line 468, in test_CE_V_34\n    my_manager = OrderManager()\n    ^^^^^^^^^^^^^^^^^\n  File \"/Users/edu/PycharmProjects/G89.2023.T20.EG3/src/main/python/uc3m_logistics/order_manager.py\", line 14, in __init__\n    current_path = os.path.direname(__file__)\n    ^^^^^^^^^^^^^^^^^\nAttributeError: module 'posixpath' has no attribute 'direname'\n"
    },
    {
      "test": "test_register_order_tests.MyTestCase.test_CE_V_6",
      "traceback": "Traceback (most recent call last):\n  File \"/Library/Frameworks/Python.framework/Versions/3.11/lib/python3.11/unittest/case.py\", line 57, in testPartExecutor\n    yield\n  File \"/Library/Frameworks/Python.framework/Versions/3.11/lib/python3.11/unittest/case.py\", line 623, in run\n    self._callTestMethod(testMethod)\n    ^^^^^^^^^^^^^^^^^\n  File \"/Library/Frameworks/Python.framework/Versions/3.11/lib/python3.11/unittest/case.py\", line 579, in _callTestMethod\n    if method() is not None:\n    ^^^^^^^^^^^^^^^^^\n  File \"/Users/edu/PycharmProjects/G89.2023.T20.EG3/lib/python3.11/site-packages/freezegun/api.py\", line 809, in wrapper\n    result = func(*args, **kwargs)\n    ^^^^^^^^^^^^^^^^^\n  File \"/Users/edu/PycharmProjects/G89.2023.T20.EG3/src/unittest/python/test_register_order_tests.py\", line 86, in test_CE_V_6\n    my_manager = OrderManager()\n    ^^^^^^^^^^^^^^^^^\n  File \"/Users/edu/PycharmProjects/G89.2023.T20.EG3/src/main/python/uc3m_logistics/order_manager.py\", line 14, in __init__\n    current_path = os.path.direname(__file__)\n    ^^^^^^^^^^^^^^^^^\nAttributeError: module 'posixpath' has no attribute 'direname'\n"
    },
    {
      "test": "test_register_order_tests.MyTestCase.test_CE_V_7",
      "traceback": "Traceback (most recent call last):\n  File \"/Library/Frameworks/Python.framework/Versions/3.11/lib/python3.11/unittest/case.py\", line 57, in testPartExecutor\n    yield\n  File \"/Library/Frameworks/Python.framework/Versions/3.11/lib/python3.11/unittest/case.py\", line 623, in run\n    self._callTestMethod(testMethod)\n    ^^^^^^^^^^^^^^^^^\n  File \"/Library/Frameworks/Python.framework/Versions/3.11/lib/python3.11/unittest/case.py\", line 579, in _callTestMethod\n    if method() is not None:\n    ^^^^^^^^^^^^^^^^^\n  File \"/Users/edu/PycharmProjects/G89.2023.T20.EG3/lib/python3.11/site-packages/freezegun/api.py\", line 809, in wrapper\n    result = func(*args, **kwargs)\n    ^^^^^^^^^^^^^^^^^\n  File \"/Users/edu/PycharmProjects/G89.2023.T20.EG3/src/unittest/python/test_register_order_tests.py\", line 99, in test_CE_V_7\n    my_manager = OrderManager()\n    ^^^^^^^^^^^^^^^^^\n  File \"/Users/edu/PycharmProjects/G89.2023.T20.EG3/src/main/python/uc3m_logistics/order_manager.py\", line 14, in __init__\n    current_path = os.path.direname(__file__)\n    ^^^^^^^^^^^^^^^^^\nAttributeError: module 'posixpath' has no attribute 'direname'\n"
    },
    {
      "test": "test_register_order_tests.MyTestCase.test_LV_NV_16",
      "traceback": "Traceback (most recent call last):\n  File \"/Library/Frameworks/Python.framework/Versions/3.11/lib/python3.11/unittest/case.py\", line 57, in testPartExecutor\n    yield\n  File \"/Library/Frameworks/Python.framework/Versions/3.11/lib/python3.11/unittest/case.py\", line 623, in run\n    self._callTestMethod(testMethod)\n    ^^^^^^^^^^^^^^^^^\n  File \"/Library/Frameworks/Python.framework/Versions/3.11/lib/python3.11/unittest/case.py\", line 579, in _callTestMethod\n    if method() is not None:\n    ^^^^^^^^^^^^^^^^^\n  File \"/Users/edu/PycharmProjects/G89.2023.T20.EG3/lib/python3.11/site-packages/freezegun/api.py\", line 809, in wrapper\n    result = func(*args, **kwargs)\n    ^^^^^^^^^^^^^^^^^\n  File \"/Users/edu/PycharmProjects/G89.2023.T20.EG3/src/unittest/python/test_register_order_tests.py\", line 221, in test_LV_NV_16\n    my_manager = OrderManager()\n    ^^^^^^^^^^^^^^^^^\n  File \"/Users/edu/PycharmProjects/G89.2023.T20.EG3/src/main/python/uc3m_logistics/order_manager.py\", line 14, in __init__\n    current_path = os.path.direname(__file__)\n    ^^^^^^^^^^^^^^^^^\nAttributeError: module 'posixpath' has no attribute 'direname'\n"
    },
    {
      "test": "test_register_order_tests.MyTestCase.test_LV_NV_26",
      "traceback": "Traceback (most recent call last):\n  File \"/Library/Frameworks/Python.framework/Versions/3.11/lib/python3.11/unittest/case.py\", line 57, in testPartExecutor\n    yield\n  File \"/Library/Frameworks/Python.framework/Versions/3.11/lib/python3.11/unittest/case.py\", line 623, in run\n    self._callTestMethod(testMethod)\n    ^^^^^^^^^^^^^^^^^\n  File \"/Library/Frameworks/Python.framework/Versions/3.11/lib/python3.11/unittest/case.py\", line 579, in _callTestMethod\n    if method() is not None:\n    ^^^^^^^^^^^^^^^^^\n  File \"/Users/edu/PycharmProjects/G89.2023.T20.EG3/lib/python3.11/site-packages/freezegun/api.py\", line 809, in wrapper\n    result = func(*args, **kwargs)\n    ^^^^^^^^^^^^^^^^^\n  File \"/Users/edu/PycharmProjects/G89.2023.T20.EG3/src/unittest/python/test_register_order_tests.py\", line 359, in test_LV_NV_26\n    my_manager = OrderManager()\n    ^^^^^^^^^^^^^^^^^\n  File \"/Users/edu/PycharmProjects/G89.2023.T20.EG3/src/main/python/uc3m_logistics/order_manager.py\", line 14, in __init__\n    current_path = os.path.direname(__file__)\n    ^^^^^^^^^^^^^^^^^\nAttributeError: module 'posixpath' has no attribute 'direname'\n"
    },
    {
      "test": "test_register_order_tests.MyTestCase.test_LV_NV_27",
      "traceback": "Traceback (most recent call last):\n  File \"/Library/Frameworks/Python.framework/Versions/3.11/lib/python3.11/unittest/case.py\", line 57, in testPartExecutor\n    yield\n  File \"/Library/Frameworks/Python.framework/Versions/3.11/lib/python3.11/unittest/case.py\", line 623, in run\n    self._callTestMethod(testMethod)\n    ^^^^^^^^^^^^^^^^^\n  File \"/Library/Frameworks/Python.framework/Versions/3.11/lib/python3.11/unittest/case.py\", line 579, in _callTestMethod\n    if method() is not None:\n    ^^^^^^^^^^^^^^^^^\n  File \"/Users/edu/PycharmProjects/G89.2023.T20.EG3/lib/python3.11/site-packages/freezegun/api.py\", line 809, in wrapper\n    result = func(*args, **kwargs)\n    ^^^^^^^^^^^^^^^^^\n  File \"/Users/edu/PycharmProjects/G89.2023.T20.EG3/src/unittest/python/test_register_order_tests.py\", line 373, in test_LV_NV_27\n    my_manager = OrderManager()\n    ^^^^^^^^^^^^^^^^^\n  File \"/Users/edu/PycharmProjects/G89.2023.T20.EG3/src/main/python/uc3m_logistics/order_manager.py\", line 14, in __init__\n    current_path = os.path.direname(__file__)\n    ^^^^^^^^^^^^^^^^^\nAttributeError: module 'posixpath' has no attribute 'direname'\n"
    },
    {
      "test": "test_register_order_tests.MyTestCase.test_LV_NV_28",
      "traceback": "Traceback (most recent call last):\n  File \"/Library/Frameworks/Python.framework/Versions/3.11/lib/python3.11/unittest/case.py\", line 57, in testPartExecutor\n    yield\n  File \"/Library/Frameworks/Python.framework/Versions/3.11/lib/python3.11/unittest/case.py\", line 623, in run\n    self._callTestMethod(testMethod)\n    ^^^^^^^^^^^^^^^^^\n  File \"/Library/Frameworks/Python.framework/Versions/3.11/lib/python3.11/unittest/case.py\", line 579, in _callTestMethod\n    if method() is not None:\n    ^^^^^^^^^^^^^^^^^\n  File \"/Users/edu/PycharmProjects/G89.2023.T20.EG3/lib/python3.11/site-packages/freezegun/api.py\", line 809, in wrapper\n    result = func(*args, **kwargs)\n    ^^^^^^^^^^^^^^^^^\n  File \"/Users/edu/PycharmProjects/G89.2023.T20.EG3/src/unittest/python/test_register_order_tests.py\", line 387, in test_LV_NV_28\n    my_manager = OrderManager()\n    ^^^^^^^^^^^^^^^^^\n  File \"/Users/edu/PycharmProjects/G89.2023.T20.EG3/src/main/python/uc3m_logistics/order_manager.py\", line 14, in __init__\n    current_path = os.path.direname(__file__)\n    ^^^^^^^^^^^^^^^^^\nAttributeError: module 'posixpath' has no attribute 'direname'\n"
    },
    {
      "test": "test_register_order_tests.MyTestCase.test_VE_V_36",
      "traceback": "Traceback (most recent call last):\n  File \"/Library/Frameworks/Python.framework/Versions/3.11/lib/python3.11/unittest/case.py\", line 57, in testPartExecutor\n    yield\n  File \"/Library/Frameworks/Python.framework/Versions/3.11/lib/python3.11/unittest/case.py\", line 623, in run\n    self._callTestMethod(testMethod)\n    ^^^^^^^^^^^^^^^^^\n  File \"/Library/Frameworks/Python.framework/Versions/3.11/lib/python3.11/unittest/case.py\", line 579, in _callTestMethod\n    if method() is not None:\n    ^^^^^^^^^^^^^^^^^\n  File \"/Users/edu/PycharmProjects/G89.2023.T20.EG3/lib/python3.11/site-packages/freezegun/api.py\", line 809, in wrapper\n    result = func(*args, **kwargs)\n    ^^^^^^^^^^^^^^^^^\n  File \"/Users/edu/PycharmProjects/G89.2023.T20.EG3/src/unittest/python/test_register_order_tests.py\", line 495, in test_VE_V_36\n    my_manager = OrderManager()\n    ^^^^^^^^^^^^^^^^^\n  File \"/Users/edu/PycharmProjects/G89.2023.T20.EG3/src/main/python/uc3m_logistics/order_manager.py\", line 14, in __init__\n    current_path = os.path.direname(__file__)\n    ^^^^^^^^^^^^^^^^^\nAttributeError: module 'posixpath' has no attribute 'direname'\n"
    },
    {
      "test": "test_register_order_tests.MyTestCase.test_VL_V_22",
      "traceback": "Traceback (most recent call last):\n  File \"/Library/Frameworks/Python.framework/Versions/3.11/lib/python3.11/unittest/case.py\", line 57, in testPartExecutor\n    yield\n  File \"/Library/Frameworks/Python.framework/Versions/3.11/lib/python3.11/unittest/case.py\", line 623, in run\n    self._callTestMethod(testMethod)\n    ^^^^^^^^^^^^^^^^^\n  File \"/Library/Frameworks/Python.framework/Versions/3.11/lib/python3.11/unittest/case.py\", line 579, in _callTestMethod\n    if method() is not None:\n    ^^^^^^^^^^^^^^^^^\n  File \"/Users/edu/PycharmProjects/G89.2023.T20.EG3/lib/python3.11/site-packages/freezegun/api.py\", line 809, in wrapper\n    result = func(*args, **kwargs)\n    ^^^^^^^^^^^^^^^^^\n  File \"/Users/edu/PycharmProjects/G89.2023.T20.EG3/src/unittest/python/test_register_order_tests.py\", line 305, in test_VL_V_22\n    my_manager = OrderManager()\n    ^^^^^^^^^^^^^^^^^\n  File \"/Users/edu/PycharmProjects/G89.2023.T20.EG3/src/main/python/uc3m_logistics/order_manager.py\", line 14, in __init__\n    current_path = os.path.direname(__file__)\n    ^^^^^^^^^^^^^^^^^\nAttributeError: module 'posixpath' has no attribute 'direname'\n"
    },
    {
      "test": "test_register_order_tests.MyTestCase.test_VL_V_35",
      "traceback": "Traceback (most recent call last):\n  File \"/Library/Frameworks/Python.framework/Versions/3.11/lib/python3.11/unittest/case.py\", line 57, in testPartExecutor\n    yield\n  File \"/Library/Frameworks/Python.framework/Versions/3.11/lib/python3.11/unittest/case.py\", line 623, in run\n    self._callTestMethod(testMethod)\n    ^^^^^^^^^^^^^^^^^\n  File \"/Library/Frameworks/Python.framework/Versions/3.11/lib/python3.11/unittest/case.py\", line 579, in _callTestMethod\n    if method() is not None:\n    ^^^^^^^^^^^^^^^^^\n  File \"/Users/edu/PycharmProjects/G89.2023.T20.EG3/lib/python3.11/site-packages/freezegun/api.py\", line 809, in wrapper\n    result = func(*args, **kwargs)\n    ^^^^^^^^^^^^^^^^^\n  File \"/Users/edu/PycharmProjects/G89.2023.T20.EG3/src/unittest/python/test_register_order_tests.py\", line 481, in test_VL_V_35\n    my_manager = OrderManager()\n    ^^^^^^^^^^^^^^^^^\n  File \"/Users/edu/PycharmProjects/G89.2023.T20.EG3/src/main/python/uc3m_logistics/order_manager.py\", line 14, in __init__\n    current_path = os.path.direname(__file__)\n    ^^^^^^^^^^^^^^^^^\nAttributeError: module 'posixpath' has no attribute 'direname'\n"
    }
  ],
  "failures": [],
  "tests-run": 36
}